2025-11-24 11:56:12,514 - SROS_Harness - INFO - --- START TEST: parser.srxml ---
2025-11-24 11:56:12,515 - SROS_Harness - INFO - --- PASS: parser.srxml ---

2025-11-24 11:56:12,515 - SROS_Harness - INFO - --- START TEST: kernel.bootstrap ---
2025-11-24 11:56:13,517 - SROS_Harness - INFO - --- PASS: kernel.bootstrap ---

2025-11-24 11:56:13,517 - SROS_Harness - INFO - --- START TEST: memory.router ---
2025-11-24 11:56:13,518 - SROS_Harness - ERROR - --- FAIL: memory.router ---
2025-11-24 11:56:13,519 - SROS_Harness - ERROR - MemoryRouter.write() got multiple values for argument 'layer'
Traceback (most recent call last):
  File "C:\Users\hassm\OneDrive\Desktop\SROS\sros_v1\tests\local_test_harness.py", line 46, in run_test
    func()
    ~~~~^^
  File "C:\Users\hassm\OneDrive\Desktop\SROS\sros_v1\tests\local_test_harness.py", line 85, in test_memory_router
    router.write(seed['content'], layer=seed['layer'], metadata={"id": seed['id']})
    ~~~~~~~~~~~~^^^^^^^^^^^^^^^^^^^^^^^^^^^^^^^^^^^^^^^^^^^^^^^^^^^^^^^^^^^^^^^^^^^
TypeError: MemoryRouter.write() got multiple values for argument 'layer'
2025-11-24 11:56:13,521 - SROS_Harness - INFO - --- START TEST: workflow.engine ---
2025-11-24 11:56:13,521 - SROS_Harness - ERROR - --- FAIL: workflow.engine ---
2025-11-24 11:56:13,521 - SROS_Harness - ERROR - 'TraceStore' object has no attribute 'subscribe'
Traceback (most recent call last):
  File "C:\Users\hassm\OneDrive\Desktop\SROS\sros_v1\tests\local_test_harness.py", line 46, in run_test
    func()
    ~~~~^^
  File "C:\Users\hassm\OneDrive\Desktop\SROS\sros_v1\tests\local_test_harness.py", line 95, in test_workflow_engine
    witness = Witness(TraceStore(str(repo_root / "sros_traces.jsonl")))
  File "C:\Users\hassm\OneDrive\Desktop\SROS\sros_v1\sros\mirroros\witness.py", line 13, in __init__
    self.event_bus.subscribe("kernel", self.log_event)
    ^^^^^^^^^^^^^^^^^^^^^^^^
AttributeError: 'TraceStore' object has no attribute 'subscribe'
2025-11-24 11:56:13,522 - SROS_Harness - INFO - --- START TEST: governance.policy ---
2025-11-24 11:56:13,523 - SROS_Harness - ERROR - --- FAIL: governance.policy ---
2025-11-24 11:56:13,523 - SROS_Harness - ERROR - 'PolicyEngine' object has no attribute 'load_policy'
Traceback (most recent call last):
  File "C:\Users\hassm\OneDrive\Desktop\SROS\sros_v1\tests\local_test_harness.py", line 46, in run_test
    func()
    ~~~~^^
  File "C:\Users\hassm\OneDrive\Desktop\SROS\sros_v1\tests\local_test_harness.py", line 121, in test_governance_policy
    engine.load_policy(policy)
    ^^^^^^^^^^^^^^^^^^
AttributeError: 'PolicyEngine' object has no attribute 'load_policy'
2025-11-24 11:56:13,524 - SROS_Harness - INFO - --- START TEST: mirroros.trace ---
2025-11-24 11:56:13,524 - SROS_Harness - ERROR - --- FAIL: mirroros.trace ---
2025-11-24 11:56:13,524 - SROS_Harness - ERROR - 'TraceStore' object has no attribute 'load_recent'
Traceback (most recent call last):
  File "C:\Users\hassm\OneDrive\Desktop\SROS\sros_v1\tests\local_test_harness.py", line 46, in run_test
    func()
    ~~~~^^
  File "C:\Users\hassm\OneDrive\Desktop\SROS\sros_v1\tests\local_test_harness.py", line 129, in test_mirroros_trace
    traces = store.load_recent(10)
             ^^^^^^^^^^^^^^^^^
AttributeError: 'TraceStore' object has no attribute 'load_recent'
2025-11-24 11:56:13,525 - SROS_Harness - INFO - --- START TEST: nexus.dryrun ---
2025-11-24 11:56:13,525 - SROS_Harness - INFO - --- PASS: nexus.dryrun ---

2025-11-24 11:56:13,525 - SROS_Harness - INFO - Summary: 3/7 tests passed.
2025-11-24 11:58:03,587 - SROS_Harness - INFO - --- START TEST: parser.srxml ---
2025-11-24 11:58:03,588 - SROS_Harness - INFO - --- PASS: parser.srxml ---

2025-11-24 11:58:03,588 - SROS_Harness - INFO - --- START TEST: kernel.bootstrap ---
2025-11-24 11:58:04,590 - SROS_Harness - INFO - --- PASS: kernel.bootstrap ---

2025-11-24 11:58:04,590 - SROS_Harness - INFO - --- START TEST: memory.router ---
2025-11-24 11:58:04,591 - SROS_Harness - INFO - --- PASS: memory.router ---

2025-11-24 11:58:04,591 - SROS_Harness - INFO - --- START TEST: workflow.engine ---
2025-11-24 11:58:04,593 - SROS_Harness - ERROR - --- FAIL: workflow.engine ---
2025-11-24 11:58:04,593 - SROS_Harness - ERROR - [Errno 13] Permission denied: 'C:\\Users\\hassm\\OneDrive\\Desktop\\SROS\\sros_v1\\sros_traces.jsonl'
Traceback (most recent call last):
  File "C:\Users\hassm\OneDrive\Desktop\SROS\sros_v1\tests\local_test_harness.py", line 46, in run_test
    func()
    ~~~~^^
  File "C:\Users\hassm\OneDrive\Desktop\SROS\sros_v1\tests\local_test_harness.py", line 109, in test_workflow_engine
    asyncio.run(engine.execute(workflow_def, context={"test": True}))
    ~~~~~~~~~~~^^^^^^^^^^^^^^^^^^^^^^^^^^^^^^^^^^^^^^^^^^^^^^^^^^^^^^
  File "C:\Users\hassm\AppData\Local\Programs\Python\Python313\Lib\asyncio\runners.py", line 195, in run
    return runner.run(main)
           ~~~~~~~~~~^^^^^^
  File "C:\Users\hassm\AppData\Local\Programs\Python\Python313\Lib\asyncio\runners.py", line 118, in run
    return self._loop.run_until_complete(task)
           ~~~~~~~~~~~~~~~~~~~~~~~~~~~~~^^^^^^
  File "C:\Users\hassm\AppData\Local\Programs\Python\Python313\Lib\asyncio\base_events.py", line 725, in run_until_complete
    return future.result()
           ~~~~~~~~~~~~~^^
  File "C:\Users\hassm\OneDrive\Desktop\SROS\sros_v1\sros\runtime\workflow_engine.py", line 21, in execute
    self.witness.record("workflow.start", {"workflow_id": workflow_id})
    ~~~~~~~~~~~~~~~~~~~^^^^^^^^^^^^^^^^^^^^^^^^^^^^^^^^^^^^^^^^^^^^^^^^
  File "C:\Users\hassm\OneDrive\Desktop\SROS\sros_v1\sros\mirroros\witness.py", line 20, in record
    self.trace_store.append(trace)
    ~~~~~~~~~~~~~~~~~~~~~~~^^^^^^^
  File "C:\Users\hassm\OneDrive\Desktop\SROS\sros_v1\sros\mirroros\trace_store.py", line 30, in append
    with open(self.storage_path, "a") as f:
         ~~~~^^^^^^^^^^^^^^^^^^^^^^^^
PermissionError: [Errno 13] Permission denied: 'C:\\Users\\hassm\\OneDrive\\Desktop\\SROS\\sros_v1\\sros_traces.jsonl'
2025-11-24 11:58:04,599 - SROS_Harness - INFO - --- START TEST: governance.policy ---
2025-11-24 11:58:04,600 - SROS_Harness - INFO - --- PASS: governance.policy ---

2025-11-24 11:58:04,600 - SROS_Harness - INFO - --- START TEST: mirroros.trace ---
2025-11-24 11:58:04,600 - SROS_Harness - ERROR - --- FAIL: mirroros.trace ---
2025-11-24 11:58:04,600 - SROS_Harness - ERROR - 
Traceback (most recent call last):
  File "C:\Users\hassm\OneDrive\Desktop\SROS\sros_v1\tests\local_test_harness.py", line 46, in run_test
    func()
    ~~~~^^
  File "C:\Users\hassm\OneDrive\Desktop\SROS\sros_v1\tests\local_test_harness.py", line 130, in test_mirroros_trace
    assert len(traces) > 0
           ^^^^^^^^^^^^^^^
AssertionError
2025-11-24 11:58:04,601 - SROS_Harness - INFO - --- START TEST: nexus.dryrun ---
2025-11-24 11:58:04,601 - SROS_Harness - INFO - --- PASS: nexus.dryrun ---

2025-11-24 11:58:04,601 - SROS_Harness - INFO - Summary: 5/7 tests passed.
2025-11-24 11:58:22,932 - SROS_Harness - INFO - --- START TEST: parser.srxml ---
2025-11-24 11:58:22,933 - SROS_Harness - INFO - --- PASS: parser.srxml ---

2025-11-24 11:58:22,933 - SROS_Harness - INFO - --- START TEST: kernel.bootstrap ---
2025-11-24 11:58:23,936 - SROS_Harness - INFO - --- PASS: kernel.bootstrap ---

2025-11-24 11:58:23,936 - SROS_Harness - INFO - --- START TEST: memory.router ---
2025-11-24 11:58:23,936 - SROS_Harness - INFO - --- PASS: memory.router ---

2025-11-24 11:58:23,937 - SROS_Harness - INFO - --- START TEST: workflow.engine ---
2025-11-24 11:58:24,157 - SROS_Harness - INFO - --- PASS: workflow.engine ---

2025-11-24 11:58:24,157 - SROS_Harness - INFO - --- START TEST: governance.policy ---
2025-11-24 11:58:24,158 - SROS_Harness - INFO - --- PASS: governance.policy ---

2025-11-24 11:58:24,158 - SROS_Harness - INFO - --- START TEST: mirroros.trace ---
2025-11-24 11:58:24,158 - SROS_Harness - ERROR - --- FAIL: mirroros.trace ---
2025-11-24 11:58:24,158 - SROS_Harness - ERROR - 
Traceback (most recent call last):
  File "C:\Users\hassm\OneDrive\Desktop\SROS\sros_v1\tests\local_test_harness.py", line 46, in run_test
    func()
    ~~~~^^
  File "C:\Users\hassm\OneDrive\Desktop\SROS\sros_v1\tests\local_test_harness.py", line 130, in test_mirroros_trace
    assert len(traces) > 0
           ^^^^^^^^^^^^^^^
AssertionError
2025-11-24 11:58:24,160 - SROS_Harness - INFO - --- START TEST: nexus.dryrun ---
2025-11-24 11:58:24,160 - SROS_Harness - INFO - --- PASS: nexus.dryrun ---

2025-11-24 11:58:24,160 - SROS_Harness - INFO - Summary: 6/7 tests passed.
2025-11-24 11:59:18,906 - SROS_Harness - INFO - --- START TEST: parser.srxml ---
2025-11-24 11:59:18,907 - SROS_Harness - INFO - --- PASS: parser.srxml ---

2025-11-24 11:59:18,907 - SROS_Harness - INFO - --- START TEST: kernel.bootstrap ---
2025-11-24 11:59:19,909 - SROS_Harness - INFO - --- PASS: kernel.bootstrap ---

2025-11-24 11:59:19,909 - SROS_Harness - INFO - --- START TEST: memory.router ---
2025-11-24 11:59:19,910 - SROS_Harness - INFO - --- PASS: memory.router ---

2025-11-24 11:59:19,910 - SROS_Harness - INFO - --- START TEST: workflow.engine ---
2025-11-24 11:59:20,135 - SROS_Harness - INFO - --- PASS: workflow.engine ---

2025-11-24 11:59:20,135 - SROS_Harness - INFO - --- START TEST: governance.policy ---
2025-11-24 11:59:20,136 - SROS_Harness - INFO - --- PASS: governance.policy ---

2025-11-24 11:59:20,136 - SROS_Harness - INFO - --- START TEST: mirroros.trace ---
2025-11-24 11:59:20,136 - SROS_Harness - INFO - --- PASS: mirroros.trace ---

2025-11-24 11:59:20,136 - SROS_Harness - INFO - --- START TEST: nexus.dryrun ---
2025-11-24 11:59:20,136 - SROS_Harness - INFO - --- PASS: nexus.dryrun ---

2025-11-24 11:59:20,137 - SROS_Harness - INFO - Summary: 7/7 tests passed.
